This is pdfTeX, Version 3.1415926-2.5-1.40.14 (TeX Live 2013/Debian) (format=pdflatex 2015.4.27)  14 JUN 2015 23:06
entering extended mode
 restricted \write18 enabled.
 %&-line parsing enabled.
**psd-report.tex
(./psd-report.tex
LaTeX2e <2011/06/27>
Babel <3.9h> and hyphenation patterns for 6 languages loaded.
(/usr/share/texlive/texmf-dist/tex/latex/base/article.cls
Document Class: article 2007/10/19 v1.4h Standard LaTeX document class
(/usr/share/texlive/texmf-dist/tex/latex/base/size10.clo
File: size10.clo 2007/10/19 v1.4h Standard LaTeX file (size option)
)
\c@part=\count79
\c@section=\count80
\c@subsection=\count81
\c@subsubsection=\count82
\c@paragraph=\count83
\c@subparagraph=\count84
\c@figure=\count85
\c@table=\count86
\abovecaptionskip=\skip41
\belowcaptionskip=\skip42
\bibindent=\dimen102
)
(/usr/share/texlive/texmf-dist/tex/latex/graphics/graphicx.sty
Package: graphicx 1999/02/16 v1.0f Enhanced LaTeX Graphics (DPC,SPQR)

(/usr/share/texlive/texmf-dist/tex/latex/graphics/keyval.sty
Package: keyval 1999/03/16 v1.13 key=value parser (DPC)
\KV@toks@=\toks14
)
(/usr/share/texlive/texmf-dist/tex/latex/graphics/graphics.sty
Package: graphics 2009/02/05 v1.0o Standard LaTeX Graphics (DPC,SPQR)

(/usr/share/texlive/texmf-dist/tex/latex/graphics/trig.sty
Package: trig 1999/03/16 v1.09 sin cos tan (DPC)
)
(/usr/share/texlive/texmf-dist/tex/latex/latexconfig/graphics.cfg
File: graphics.cfg 2010/04/23 v1.9 graphics configuration of TeX Live
)
Package graphics Info: Driver file: pdftex.def on input line 91.

(/usr/share/texlive/texmf-dist/tex/latex/pdftex-def/pdftex.def
File: pdftex.def 2011/05/27 v0.06d Graphics/color for pdfTeX

(/usr/share/texlive/texmf-dist/tex/generic/oberdiek/infwarerr.sty
Package: infwarerr 2010/04/08 v1.3 Providing info/warning/error messages (HO)
)
(/usr/share/texlive/texmf-dist/tex/generic/oberdiek/ltxcmds.sty
Package: ltxcmds 2011/11/09 v1.22 LaTeX kernel commands for general use (HO)
)
\Gread@gobject=\count87
))
\Gin@req@height=\dimen103
\Gin@req@width=\dimen104
)
(/usr/share/texlive/texmf-dist/tex/latex/graphics/color.sty
Package: color 2005/11/14 v1.0j Standard LaTeX Color (DPC)

(/usr/share/texlive/texmf-dist/tex/latex/latexconfig/color.cfg
File: color.cfg 2007/01/18 v1.5 color configuration of teTeX/TeXLive
)
Package color Info: Driver file: pdftex.def on input line 130.
)
(/usr/share/texlive/texmf-dist/tex/latex/framed/framed.sty
Package: framed 2011/10/22 v 0.96: framed or shaded text with page breaks
\OuterFrameSep=\skip43
\fb@frw=\dimen105
\fb@frh=\dimen106
\FrameRule=\dimen107
\FrameSep=\dimen108
)
(/usr/share/texlive/texmf-dist/tex/latex/base/alltt.sty
Package: alltt 1997/06/16 v2.0g defines alltt environment
)
(/usr/share/texlive/texmf-dist/tex/latex/psnfss/mathpazo.sty
Package: mathpazo 2005/04/12 PSNFSS-v9.2a Palatino w/ Pazo Math (D.Puga, WaS) 
\symupright=\mathgroup4
)
(/usr/share/texlive/texmf-dist/tex/latex/base/inputenc.sty
Package: inputenc 2008/03/30 v1.1d Input encoding file
\inpenc@prehook=\toks15
\inpenc@posthook=\toks16

(/usr/share/texlive/texmf-dist/tex/latex/base/utf8.def
File: utf8.def 2008/04/05 v1.1m UTF-8 support for inputenc
Now handling font encoding OML ...
... no UTF-8 mapping file for font encoding OML
Now handling font encoding T1 ...
... processing UTF-8 mapping file for font encoding T1

(/usr/share/texlive/texmf-dist/tex/latex/base/t1enc.dfu
File: t1enc.dfu 2008/04/05 v1.1m UTF-8 support for inputenc
   defining Unicode char U+00A1 (decimal 161)
   defining Unicode char U+00A3 (decimal 163)
   defining Unicode char U+00AB (decimal 171)
   defining Unicode char U+00BB (decimal 187)
   defining Unicode char U+00BF (decimal 191)
   defining Unicode char U+00C0 (decimal 192)
   defining Unicode char U+00C1 (decimal 193)
   defining Unicode char U+00C2 (decimal 194)
   defining Unicode char U+00C3 (decimal 195)
   defining Unicode char U+00C4 (decimal 196)
   defining Unicode char U+00C5 (decimal 197)
   defining Unicode char U+00C6 (decimal 198)
   defining Unicode char U+00C7 (decimal 199)
   defining Unicode char U+00C8 (decimal 200)
   defining Unicode char U+00C9 (decimal 201)
   defining Unicode char U+00CA (decimal 202)
   defining Unicode char U+00CB (decimal 203)
   defining Unicode char U+00CC (decimal 204)
   defining Unicode char U+00CD (decimal 205)
   defining Unicode char U+00CE (decimal 206)
   defining Unicode char U+00CF (decimal 207)
   defining Unicode char U+00D0 (decimal 208)
   defining Unicode char U+00D1 (decimal 209)
   defining Unicode char U+00D2 (decimal 210)
   defining Unicode char U+00D3 (decimal 211)
   defining Unicode char U+00D4 (decimal 212)
   defining Unicode char U+00D5 (decimal 213)
   defining Unicode char U+00D6 (decimal 214)
   defining Unicode char U+00D8 (decimal 216)
   defining Unicode char U+00D9 (decimal 217)
   defining Unicode char U+00DA (decimal 218)
   defining Unicode char U+00DB (decimal 219)
   defining Unicode char U+00DC (decimal 220)
   defining Unicode char U+00DD (decimal 221)
   defining Unicode char U+00DE (decimal 222)
   defining Unicode char U+00DF (decimal 223)
   defining Unicode char U+00E0 (decimal 224)
   defining Unicode char U+00E1 (decimal 225)
   defining Unicode char U+00E2 (decimal 226)
   defining Unicode char U+00E3 (decimal 227)
   defining Unicode char U+00E4 (decimal 228)
   defining Unicode char U+00E5 (decimal 229)
   defining Unicode char U+00E6 (decimal 230)
   defining Unicode char U+00E7 (decimal 231)
   defining Unicode char U+00E8 (decimal 232)
   defining Unicode char U+00E9 (decimal 233)
   defining Unicode char U+00EA (decimal 234)
   defining Unicode char U+00EB (decimal 235)
   defining Unicode char U+00EC (decimal 236)
   defining Unicode char U+00ED (decimal 237)
   defining Unicode char U+00EE (decimal 238)
   defining Unicode char U+00EF (decimal 239)
   defining Unicode char U+00F0 (decimal 240)
   defining Unicode char U+00F1 (decimal 241)
   defining Unicode char U+00F2 (decimal 242)
   defining Unicode char U+00F3 (decimal 243)
   defining Unicode char U+00F4 (decimal 244)
   defining Unicode char U+00F5 (decimal 245)
   defining Unicode char U+00F6 (decimal 246)
   defining Unicode char U+00F8 (decimal 248)
   defining Unicode char U+00F9 (decimal 249)
   defining Unicode char U+00FA (decimal 250)
   defining Unicode char U+00FB (decimal 251)
   defining Unicode char U+00FC (decimal 252)
   defining Unicode char U+00FD (decimal 253)
   defining Unicode char U+00FE (decimal 254)
   defining Unicode char U+00FF (decimal 255)
   defining Unicode char U+0102 (decimal 258)
   defining Unicode char U+0103 (decimal 259)
   defining Unicode char U+0104 (decimal 260)
   defining Unicode char U+0105 (decimal 261)
   defining Unicode char U+0106 (decimal 262)
   defining Unicode char U+0107 (decimal 263)
   defining Unicode char U+010C (decimal 268)
   defining Unicode char U+010D (decimal 269)
   defining Unicode char U+010E (decimal 270)
   defining Unicode char U+010F (decimal 271)
   defining Unicode char U+0110 (decimal 272)
   defining Unicode char U+0111 (decimal 273)
   defining Unicode char U+0118 (decimal 280)
   defining Unicode char U+0119 (decimal 281)
   defining Unicode char U+011A (decimal 282)
   defining Unicode char U+011B (decimal 283)
   defining Unicode char U+011E (decimal 286)
   defining Unicode char U+011F (decimal 287)
   defining Unicode char U+0130 (decimal 304)
   defining Unicode char U+0131 (decimal 305)
   defining Unicode char U+0132 (decimal 306)
   defining Unicode char U+0133 (decimal 307)
   defining Unicode char U+0139 (decimal 313)
   defining Unicode char U+013A (decimal 314)
   defining Unicode char U+013D (decimal 317)
   defining Unicode char U+013E (decimal 318)
   defining Unicode char U+0141 (decimal 321)
   defining Unicode char U+0142 (decimal 322)
   defining Unicode char U+0143 (decimal 323)
   defining Unicode char U+0144 (decimal 324)
   defining Unicode char U+0147 (decimal 327)
   defining Unicode char U+0148 (decimal 328)
   defining Unicode char U+014A (decimal 330)
   defining Unicode char U+014B (decimal 331)
   defining Unicode char U+0150 (decimal 336)
   defining Unicode char U+0151 (decimal 337)
   defining Unicode char U+0152 (decimal 338)
   defining Unicode char U+0153 (decimal 339)
   defining Unicode char U+0154 (decimal 340)
   defining Unicode char U+0155 (decimal 341)
   defining Unicode char U+0158 (decimal 344)
   defining Unicode char U+0159 (decimal 345)
   defining Unicode char U+015A (decimal 346)
   defining Unicode char U+015B (decimal 347)
   defining Unicode char U+015E (decimal 350)
   defining Unicode char U+015F (decimal 351)
   defining Unicode char U+0160 (decimal 352)
   defining Unicode char U+0161 (decimal 353)
   defining Unicode char U+0162 (decimal 354)
   defining Unicode char U+0163 (decimal 355)
   defining Unicode char U+0164 (decimal 356)
   defining Unicode char U+0165 (decimal 357)
   defining Unicode char U+016E (decimal 366)
   defining Unicode char U+016F (decimal 367)
   defining Unicode char U+0170 (decimal 368)
   defining Unicode char U+0171 (decimal 369)
   defining Unicode char U+0178 (decimal 376)
   defining Unicode char U+0179 (decimal 377)
   defining Unicode char U+017A (decimal 378)
   defining Unicode char U+017B (decimal 379)
   defining Unicode char U+017C (decimal 380)
   defining Unicode char U+017D (decimal 381)
   defining Unicode char U+017E (decimal 382)
   defining Unicode char U+200C (decimal 8204)
   defining Unicode char U+2013 (decimal 8211)
   defining Unicode char U+2014 (decimal 8212)
   defining Unicode char U+2018 (decimal 8216)
   defining Unicode char U+2019 (decimal 8217)
   defining Unicode char U+201A (decimal 8218)
   defining Unicode char U+201C (decimal 8220)
   defining Unicode char U+201D (decimal 8221)
   defining Unicode char U+201E (decimal 8222)
   defining Unicode char U+2030 (decimal 8240)
   defining Unicode char U+2031 (decimal 8241)
   defining Unicode char U+2039 (decimal 8249)
   defining Unicode char U+203A (decimal 8250)
   defining Unicode char U+2423 (decimal 9251)
)
Now handling font encoding OT1 ...
... processing UTF-8 mapping file for font encoding OT1

(/usr/share/texlive/texmf-dist/tex/latex/base/ot1enc.dfu
File: ot1enc.dfu 2008/04/05 v1.1m UTF-8 support for inputenc
   defining Unicode char U+00A1 (decimal 161)
   defining Unicode char U+00A3 (decimal 163)
   defining Unicode char U+00B8 (decimal 184)
   defining Unicode char U+00BF (decimal 191)
   defining Unicode char U+00C5 (decimal 197)
   defining Unicode char U+00C6 (decimal 198)
   defining Unicode char U+00D8 (decimal 216)
   defining Unicode char U+00DF (decimal 223)
   defining Unicode char U+00E6 (decimal 230)
   defining Unicode char U+00EC (decimal 236)
   defining Unicode char U+00ED (decimal 237)
   defining Unicode char U+00EE (decimal 238)
   defining Unicode char U+00EF (decimal 239)
   defining Unicode char U+00F8 (decimal 248)
   defining Unicode char U+0131 (decimal 305)
   defining Unicode char U+0141 (decimal 321)
   defining Unicode char U+0142 (decimal 322)
   defining Unicode char U+0152 (decimal 338)
   defining Unicode char U+0153 (decimal 339)
   defining Unicode char U+2013 (decimal 8211)
   defining Unicode char U+2014 (decimal 8212)
   defining Unicode char U+2018 (decimal 8216)
   defining Unicode char U+2019 (decimal 8217)
   defining Unicode char U+201C (decimal 8220)
   defining Unicode char U+201D (decimal 8221)
)
Now handling font encoding OMS ...
... processing UTF-8 mapping file for font encoding OMS

(/usr/share/texlive/texmf-dist/tex/latex/base/omsenc.dfu
File: omsenc.dfu 2008/04/05 v1.1m UTF-8 support for inputenc
   defining Unicode char U+00A7 (decimal 167)
   defining Unicode char U+00B6 (decimal 182)
   defining Unicode char U+00B7 (decimal 183)
   defining Unicode char U+2020 (decimal 8224)
   defining Unicode char U+2021 (decimal 8225)
   defining Unicode char U+2022 (decimal 8226)
)
Now handling font encoding OMX ...
... no UTF-8 mapping file for font encoding OMX
Now handling font encoding U ...
... no UTF-8 mapping file for font encoding U
   defining Unicode char U+00A9 (decimal 169)
   defining Unicode char U+00AA (decimal 170)
   defining Unicode char U+00AE (decimal 174)
   defining Unicode char U+00BA (decimal 186)
   defining Unicode char U+02C6 (decimal 710)
   defining Unicode char U+02DC (decimal 732)
   defining Unicode char U+200C (decimal 8204)
   defining Unicode char U+2026 (decimal 8230)
   defining Unicode char U+2122 (decimal 8482)
   defining Unicode char U+2423 (decimal 9251)
))
(/usr/share/texlive/texmf-dist/tex/latex/base/fontenc.sty
Package: fontenc 2005/09/27 v1.99g Standard LaTeX package

(/usr/share/texlive/texmf-dist/tex/latex/base/t1enc.def
File: t1enc.def 2005/09/27 v1.99g Standard LaTeX file
LaTeX Font Info:    Redeclaring font encoding T1 on input line 43.
))
(/usr/share/texlive/texmf-dist/tex/latex/tools/indentfirst.sty
Package: indentfirst 1995/11/23 v1.03 Indent first paragraph (DPC)
)
(/usr/share/texlive/texmf-dist/tex/latex/geometry/geometry.sty
Package: geometry 2010/09/12 v5.6 Page Geometry

(/usr/share/texlive/texmf-dist/tex/generic/oberdiek/ifpdf.sty
Package: ifpdf 2011/01/30 v2.3 Provides the ifpdf switch (HO)
Package ifpdf Info: pdfTeX in PDF mode is detected.
)
(/usr/share/texlive/texmf-dist/tex/generic/oberdiek/ifvtex.sty
Package: ifvtex 2010/03/01 v1.5 Detect VTeX and its facilities (HO)
Package ifvtex Info: VTeX not detected.
)
(/usr/share/texlive/texmf-dist/tex/generic/ifxetex/ifxetex.sty
Package: ifxetex 2010/09/12 v0.6 Provides ifxetex conditional
)
\Gm@cnth=\count88
\Gm@cntv=\count89
\c@Gm@tempcnt=\count90
\Gm@bindingoffset=\dimen109
\Gm@wd@mp=\dimen110
\Gm@odd@mp=\dimen111
\Gm@even@mp=\dimen112
\Gm@layoutwidth=\dimen113
\Gm@layoutheight=\dimen114
\Gm@layouthoffset=\dimen115
\Gm@layoutvoffset=\dimen116
\Gm@dimlist=\toks17
)
(/usr/share/texlive/texmf-dist/tex/latex/tools/enumerate.sty
Package: enumerate 1999/03/05 v3.00 enumerate extensions (DPC)
\@enLab=\toks18
)
(/usr/share/texlive/texmf-dist/tex/latex/float/float.sty
Package: float 2001/11/08 v1.3d Float enhancements (AL)
\c@float@type=\count91
\float@exts=\toks19
\float@box=\box26
\@float@everytoks=\toks20
\@floatcapt=\box27
)
(/usr/share/texlive/texmf-dist/tex/latex/amsfonts/amssymb.sty
Package: amssymb 2013/01/14 v3.01 AMS font symbols

(/usr/share/texlive/texmf-dist/tex/latex/amsfonts/amsfonts.sty
Package: amsfonts 2013/01/14 v3.01 Basic AMSFonts support
\@emptytoks=\toks21
\symAMSa=\mathgroup5
\symAMSb=\mathgroup6
LaTeX Font Info:    Overwriting math alphabet `\mathfrak' in version `bold'
(Font)                  U/euf/m/n --> U/euf/b/n on input line 106.
))
(/usr/share/texlive/texmf-dist/tex/latex/amscls/amsthm.sty
Package: amsthm 2004/08/06 v2.20
\thm@style=\toks22
\thm@bodyfont=\toks23
\thm@headfont=\toks24
\thm@notefont=\toks25
\thm@headpunct=\toks26
\thm@preskip=\skip44
\thm@postskip=\skip45
\thm@headsep=\skip46
\dth@everypar=\toks27
)
(/usr/share/texlive/texmf-dist/tex/latex/base/latexsym.sty
Package: latexsym 1998/08/17 v2.2e Standard LaTeX package (lasy symbols)
\symlasy=\mathgroup7
LaTeX Font Info:    Overwriting symbol font `lasy' in version `bold'
(Font)                  U/lasy/m/n --> U/lasy/b/n on input line 47.
)
(/usr/share/texlive/texmf-dist/tex/latex/amsmath/amsmath.sty
Package: amsmath 2013/01/14 v2.14 AMS math features
\@mathmargin=\skip47

For additional information on amsmath, use the `?' option.
(/usr/share/texlive/texmf-dist/tex/latex/amsmath/amstext.sty
Package: amstext 2000/06/29 v2.01

(/usr/share/texlive/texmf-dist/tex/latex/amsmath/amsgen.sty
File: amsgen.sty 1999/11/30 v2.0
\@emptytoks=\toks28
\ex@=\dimen117
))
(/usr/share/texlive/texmf-dist/tex/latex/amsmath/amsbsy.sty
Package: amsbsy 1999/11/29 v1.2d
\pmbraise@=\dimen118
)
(/usr/share/texlive/texmf-dist/tex/latex/amsmath/amsopn.sty
Package: amsopn 1999/12/14 v2.01 operator names
)
\inf@bad=\count92
LaTeX Info: Redefining \frac on input line 210.
\uproot@=\count93
\leftroot@=\count94
LaTeX Info: Redefining \overline on input line 306.
\classnum@=\count95
\DOTSCASE@=\count96
LaTeX Info: Redefining \ldots on input line 378.
LaTeX Info: Redefining \dots on input line 381.
LaTeX Info: Redefining \cdots on input line 466.
\Mathstrutbox@=\box28
\strutbox@=\box29
\big@size=\dimen119
LaTeX Font Info:    Redeclaring font encoding OML on input line 566.
LaTeX Font Info:    Redeclaring font encoding OMS on input line 567.
\macc@depth=\count97
\c@MaxMatrixCols=\count98
\dotsspace@=\muskip10
\c@parentequation=\count99
\dspbrk@lvl=\count100
\tag@help=\toks29
\row@=\count101
\column@=\count102
\maxfields@=\count103
\andhelp@=\toks30
\eqnshift@=\dimen120
\alignsep@=\dimen121
\tagshift@=\dimen122
\tagwidth@=\dimen123
\totwidth@=\dimen124
\lineht@=\dimen125
\@envbody=\toks31
\multlinegap=\skip48
\multlinetaggap=\skip49
\mathdisplay@stack=\toks32
LaTeX Info: Redefining \[ on input line 2665.
LaTeX Info: Redefining \] on input line 2666.
)
(/usr/share/texlive/texmf-dist/tex/latex/listings/listings.sty
\lst@mode=\count104
\lst@gtempboxa=\box30
\lst@token=\toks33
\lst@length=\count105
\lst@currlwidth=\dimen126
\lst@column=\count106
\lst@pos=\count107
\lst@lostspace=\dimen127
\lst@width=\dimen128
\lst@newlines=\count108
\lst@lineno=\count109
\lst@maxwidth=\dimen129

(/usr/share/texlive/texmf-dist/tex/latex/listings/lstmisc.sty
File: lstmisc.sty 2013/08/26 1.5b (Carsten Heinz)
\c@lstnumber=\count110
\lst@skipnumbers=\count111
\lst@framebox=\box31
)
(/usr/share/texlive/texmf-dist/tex/latex/listings/listings.cfg
File: listings.cfg 2013/08/26 1.5b listings configuration
))
Package: listings 2013/08/26 1.5b (Carsten Heinz)

(/usr/share/texlive/texmf-dist/tex/latex/hyperref/hyperref.sty
Package: hyperref 2012/11/06 v6.83m Hypertext links for LaTeX

(/usr/share/texlive/texmf-dist/tex/generic/oberdiek/hobsub-hyperref.sty
Package: hobsub-hyperref 2012/05/28 v1.13 Bundle oberdiek, subset hyperref (HO)


(/usr/share/texlive/texmf-dist/tex/generic/oberdiek/hobsub-generic.sty
Package: hobsub-generic 2012/05/28 v1.13 Bundle oberdiek, subset generic (HO)
Package: hobsub 2012/05/28 v1.13 Construct package bundles (HO)
Package hobsub Info: Skipping package `infwarerr' (already loaded).
Package hobsub Info: Skipping package `ltxcmds' (already loaded).
Package: ifluatex 2010/03/01 v1.3 Provides the ifluatex switch (HO)
Package ifluatex Info: LuaTeX not detected.
Package hobsub Info: Skipping package `ifvtex' (already loaded).
Package: intcalc 2007/09/27 v1.1 Expandable calculations with integers (HO)
Package hobsub Info: Skipping package `ifpdf' (already loaded).
Package: etexcmds 2011/02/16 v1.5 Avoid name clashes with e-TeX commands (HO)
Package etexcmds Info: Could not find \expanded.
(etexcmds)             That can mean that you are not using pdfTeX 1.50 or
(etexcmds)             that some package has redefined \expanded.
(etexcmds)             In the latter case, load this package earlier.
Package: kvsetkeys 2012/04/25 v1.16 Key value parser (HO)
Package: kvdefinekeys 2011/04/07 v1.3 Define keys (HO)
Package: pdftexcmds 2011/11/29 v0.20 Utility functions of pdfTeX for LuaTeX (HO
)
Package pdftexcmds Info: LuaTeX not detected.
Package pdftexcmds Info: \pdf@primitive is available.
Package pdftexcmds Info: \pdf@ifprimitive is available.
Package pdftexcmds Info: \pdfdraftmode found.
Package: pdfescape 2011/11/25 v1.13 Implements pdfTeX's escape features (HO)
Package: bigintcalc 2012/04/08 v1.3 Expandable calculations on big integers (HO
)
Package: bitset 2011/01/30 v1.1 Handle bit-vector datatype (HO)
Package: uniquecounter 2011/01/30 v1.2 Provide unlimited unique counter (HO)
)
Package hobsub Info: Skipping package `hobsub' (already loaded).
Package: letltxmacro 2010/09/02 v1.4 Let assignment for LaTeX macros (HO)
Package: hopatch 2012/05/28 v1.2 Wrapper for package hooks (HO)
Package: xcolor-patch 2011/01/30 xcolor patch
Package: atveryend 2011/06/30 v1.8 Hooks at the very end of document (HO)
Package atveryend Info: \enddocument detected (standard20110627).
Package: atbegshi 2011/10/05 v1.16 At begin shipout hook (HO)
Package: refcount 2011/10/16 v3.4 Data extraction from label references (HO)
Package: hycolor 2011/01/30 v1.7 Color options for hyperref/bookmark (HO)
)
(/usr/share/texlive/texmf-dist/tex/latex/oberdiek/auxhook.sty
Package: auxhook 2011/03/04 v1.3 Hooks for auxiliary files (HO)
)
(/usr/share/texlive/texmf-dist/tex/latex/oberdiek/kvoptions.sty
Package: kvoptions 2011/06/30 v3.11 Key value format for package options (HO)
)
\@linkdim=\dimen130
\Hy@linkcounter=\count112
\Hy@pagecounter=\count113

(/usr/share/texlive/texmf-dist/tex/latex/hyperref/pd1enc.def
File: pd1enc.def 2012/11/06 v6.83m Hyperref: PDFDocEncoding definition (HO)
Now handling font encoding PD1 ...
... no UTF-8 mapping file for font encoding PD1
)
\Hy@SavedSpaceFactor=\count114

(/usr/share/texlive/texmf-dist/tex/latex/latexconfig/hyperref.cfg
File: hyperref.cfg 2002/06/06 v1.2 hyperref configuration of TeXLive
)
Package hyperref Info: Hyper figures OFF on input line 4443.
Package hyperref Info: Link nesting OFF on input line 4448.
Package hyperref Info: Hyper index ON on input line 4451.
Package hyperref Info: Plain pages OFF on input line 4458.
Package hyperref Info: Backreferencing OFF on input line 4463.
Package hyperref Info: Implicit mode ON; LaTeX internals redefined.
Package hyperref Info: Bookmarks ON on input line 4688.
\c@Hy@tempcnt=\count115

(/usr/share/texlive/texmf-dist/tex/latex/url/url.sty
\Urlmuskip=\muskip11
Package: url 2013/09/16  ver 3.4  Verb mode for urls, etc.
)
LaTeX Info: Redefining \url on input line 5041.
\XeTeXLinkMargin=\dimen131
\Fld@menulength=\count116
\Field@Width=\dimen132
\Fld@charsize=\dimen133
Package hyperref Info: Hyper figures OFF on input line 6295.
Package hyperref Info: Link nesting OFF on input line 6300.
Package hyperref Info: Hyper index ON on input line 6303.
Package hyperref Info: backreferencing OFF on input line 6310.
Package hyperref Info: Link coloring OFF on input line 6315.
Package hyperref Info: Link coloring with OCG OFF on input line 6320.
Package hyperref Info: PDF/A mode OFF on input line 6325.
LaTeX Info: Redefining \ref on input line 6365.
LaTeX Info: Redefining \pageref on input line 6369.
\Hy@abspage=\count117
\c@Item=\count118
\c@Hfootnote=\count119
)

Package hyperref Message: Driver (autodetected): hpdftex.

(/usr/share/texlive/texmf-dist/tex/latex/hyperref/hpdftex.def
File: hpdftex.def 2012/11/06 v6.83m Hyperref driver for pdfTeX
\Fld@listcount=\count120
\c@bookmark@seq@number=\count121

(/usr/share/texlive/texmf-dist/tex/latex/oberdiek/rerunfilecheck.sty
Package: rerunfilecheck 2011/04/15 v1.7 Rerun checks for auxiliary files (HO)
Package uniquecounter Info: New unique counter `rerunfilecheck' on input line 2
82.
)
\Hy@SectionHShift=\skip50
)
(/usr/share/texlive/texmf-dist/tex/latex/multirow/multirow.sty
\bigstrutjot=\dimen134
)
(/usr/share/texlive/texmf-dist/tex/latex/caption/caption.sty
Package: caption 2013/05/02 v3.3-89 Customizing captions (AR)

(/usr/share/texlive/texmf-dist/tex/latex/caption/caption3.sty
Package: caption3 2013/05/02 v1.6-88 caption3 kernel (AR)
Package caption3 Info: TeX engine: e-TeX on input line 57.
\captionmargin=\dimen135
\captionmargin@=\dimen136
\captionwidth=\dimen137
\caption@tempdima=\dimen138
\caption@indent=\dimen139
\caption@parindent=\dimen140
\caption@hangindent=\dimen141
)
\c@ContinuedFloat=\count122
Package caption Info: float package is loaded.
Package caption Info: hyperref package is loaded.
Package caption Info: listings package is loaded.
)
(/usr/share/texlive/texmf-dist/tex/latex/caption/subcaption.sty
Package: subcaption 2013/02/03 v1.1-62 Sub-captions (AR)
\c@subfigure=\count123
\c@subtable=\count124
)
(/usr/share/texlive/texmf-dist/tex/latex/upquote/upquote.sty
Package: upquote 2012/04/19 v1.3 upright-quote and grave-accent glyphs in verba
tim

(/usr/share/texlive/texmf-dist/tex/latex/base/textcomp.sty
Package: textcomp 2005/09/27 v1.99g Standard LaTeX package
Package textcomp Info: Sub-encoding information:
(textcomp)               5 = only ISO-Adobe without \textcurrency
(textcomp)               4 = 5 + \texteuro
(textcomp)               3 = 4 + \textohm
(textcomp)               2 = 3 + \textestimated + \textcurrency
(textcomp)               1 = TS1 - \textcircled - \t
(textcomp)               0 = TS1 (full)
(textcomp)             Font families with sub-encoding setting implement
(textcomp)             only a restricted character set as indicated.
(textcomp)             Family '?' is the default used for unknown fonts.
(textcomp)             See the documentation for details.
Package textcomp Info: Setting ? sub-encoding to TS1/1 on input line 71.

(/usr/share/texlive/texmf-dist/tex/latex/base/ts1enc.def
File: ts1enc.def 2001/06/05 v3.0e (jk/car/fm) Standard LaTeX file
Now handling font encoding TS1 ...
... processing UTF-8 mapping file for font encoding TS1

(/usr/share/texlive/texmf-dist/tex/latex/base/ts1enc.dfu
File: ts1enc.dfu 2008/04/05 v1.1m UTF-8 support for inputenc
   defining Unicode char U+00A2 (decimal 162)
   defining Unicode char U+00A3 (decimal 163)
   defining Unicode char U+00A4 (decimal 164)
   defining Unicode char U+00A5 (decimal 165)
   defining Unicode char U+00A6 (decimal 166)
   defining Unicode char U+00A7 (decimal 167)
   defining Unicode char U+00A8 (decimal 168)
   defining Unicode char U+00A9 (decimal 169)
   defining Unicode char U+00AA (decimal 170)
   defining Unicode char U+00AC (decimal 172)
   defining Unicode char U+00AE (decimal 174)
   defining Unicode char U+00AF (decimal 175)
   defining Unicode char U+00B0 (decimal 176)
   defining Unicode char U+00B1 (decimal 177)
   defining Unicode char U+00B2 (decimal 178)
   defining Unicode char U+00B3 (decimal 179)
   defining Unicode char U+00B4 (decimal 180)
   defining Unicode char U+00B5 (decimal 181)
   defining Unicode char U+00B6 (decimal 182)
   defining Unicode char U+00B7 (decimal 183)
   defining Unicode char U+00B9 (decimal 185)
   defining Unicode char U+00BA (decimal 186)
   defining Unicode char U+00BC (decimal 188)
   defining Unicode char U+00BD (decimal 189)
   defining Unicode char U+00BE (decimal 190)
   defining Unicode char U+00D7 (decimal 215)
   defining Unicode char U+00F7 (decimal 247)
   defining Unicode char U+0192 (decimal 402)
   defining Unicode char U+02C7 (decimal 711)
   defining Unicode char U+02D8 (decimal 728)
   defining Unicode char U+02DD (decimal 733)
   defining Unicode char U+0E3F (decimal 3647)
   defining Unicode char U+2016 (decimal 8214)
   defining Unicode char U+2020 (decimal 8224)
   defining Unicode char U+2021 (decimal 8225)
   defining Unicode char U+2022 (decimal 8226)
   defining Unicode char U+2030 (decimal 8240)
   defining Unicode char U+2031 (decimal 8241)
   defining Unicode char U+203B (decimal 8251)
   defining Unicode char U+203D (decimal 8253)
   defining Unicode char U+2044 (decimal 8260)
   defining Unicode char U+204E (decimal 8270)
   defining Unicode char U+2052 (decimal 8274)
   defining Unicode char U+20A1 (decimal 8353)
   defining Unicode char U+20A4 (decimal 8356)
   defining Unicode char U+20A6 (decimal 8358)
   defining Unicode char U+20A9 (decimal 8361)
   defining Unicode char U+20AB (decimal 8363)
   defining Unicode char U+20AC (decimal 8364)
   defining Unicode char U+20B1 (decimal 8369)
   defining Unicode char U+2103 (decimal 8451)
   defining Unicode char U+2116 (decimal 8470)
   defining Unicode char U+2117 (decimal 8471)
   defining Unicode char U+211E (decimal 8478)
   defining Unicode char U+2120 (decimal 8480)
   defining Unicode char U+2122 (decimal 8482)
   defining Unicode char U+2126 (decimal 8486)
   defining Unicode char U+2127 (decimal 8487)
   defining Unicode char U+212E (decimal 8494)
   defining Unicode char U+2190 (decimal 8592)
   defining Unicode char U+2191 (decimal 8593)
   defining Unicode char U+2192 (decimal 8594)
   defining Unicode char U+2193 (decimal 8595)
   defining Unicode char U+2329 (decimal 9001)
   defining Unicode char U+232A (decimal 9002)
   defining Unicode char U+2422 (decimal 9250)
   defining Unicode char U+25E6 (decimal 9702)
   defining Unicode char U+25EF (decimal 9711)
   defining Unicode char U+266A (decimal 9834)
))
LaTeX Info: Redefining \oldstylenums on input line 266.
Package textcomp Info: Setting cmr sub-encoding to TS1/0 on input line 281.
Package textcomp Info: Setting cmss sub-encoding to TS1/0 on input line 282.
Package textcomp Info: Setting cmtt sub-encoding to TS1/0 on input line 283.
Package textcomp Info: Setting cmvtt sub-encoding to TS1/0 on input line 284.
Package textcomp Info: Setting cmbr sub-encoding to TS1/0 on input line 285.
Package textcomp Info: Setting cmtl sub-encoding to TS1/0 on input line 286.
Package textcomp Info: Setting ccr sub-encoding to TS1/0 on input line 287.
Package textcomp Info: Setting ptm sub-encoding to TS1/4 on input line 288.
Package textcomp Info: Setting pcr sub-encoding to TS1/4 on input line 289.
Package textcomp Info: Setting phv sub-encoding to TS1/4 on input line 290.
Package textcomp Info: Setting ppl sub-encoding to TS1/3 on input line 291.
Package textcomp Info: Setting pag sub-encoding to TS1/4 on input line 292.
Package textcomp Info: Setting pbk sub-encoding to TS1/4 on input line 293.
Package textcomp Info: Setting pnc sub-encoding to TS1/4 on input line 294.
Package textcomp Info: Setting pzc sub-encoding to TS1/4 on input line 295.
Package textcomp Info: Setting bch sub-encoding to TS1/4 on input line 296.
Package textcomp Info: Setting put sub-encoding to TS1/5 on input line 297.
Package textcomp Info: Setting uag sub-encoding to TS1/5 on input line 298.
Package textcomp Info: Setting ugq sub-encoding to TS1/5 on input line 299.
Package textcomp Info: Setting ul8 sub-encoding to TS1/4 on input line 300.
Package textcomp Info: Setting ul9 sub-encoding to TS1/4 on input line 301.
Package textcomp Info: Setting augie sub-encoding to TS1/5 on input line 302.
Package textcomp Info: Setting dayrom sub-encoding to TS1/3 on input line 303.
Package textcomp Info: Setting dayroms sub-encoding to TS1/3 on input line 304.

Package textcomp Info: Setting pxr sub-encoding to TS1/0 on input line 305.
Package textcomp Info: Setting pxss sub-encoding to TS1/0 on input line 306.
Package textcomp Info: Setting pxtt sub-encoding to TS1/0 on input line 307.
Package textcomp Info: Setting txr sub-encoding to TS1/0 on input line 308.
Package textcomp Info: Setting txss sub-encoding to TS1/0 on input line 309.
Package textcomp Info: Setting txtt sub-encoding to TS1/0 on input line 310.
Package textcomp Info: Setting lmr sub-encoding to TS1/0 on input line 311.
Package textcomp Info: Setting lmdh sub-encoding to TS1/0 on input line 312.
Package textcomp Info: Setting lmss sub-encoding to TS1/0 on input line 313.
Package textcomp Info: Setting lmssq sub-encoding to TS1/0 on input line 314.
Package textcomp Info: Setting lmvtt sub-encoding to TS1/0 on input line 315.
Package textcomp Info: Setting qhv sub-encoding to TS1/0 on input line 316.
Package textcomp Info: Setting qag sub-encoding to TS1/0 on input line 317.
Package textcomp Info: Setting qbk sub-encoding to TS1/0 on input line 318.
Package textcomp Info: Setting qcr sub-encoding to TS1/0 on input line 319.
Package textcomp Info: Setting qcs sub-encoding to TS1/0 on input line 320.
Package textcomp Info: Setting qpl sub-encoding to TS1/0 on input line 321.
Package textcomp Info: Setting qtm sub-encoding to TS1/0 on input line 322.
Package textcomp Info: Setting qzc sub-encoding to TS1/0 on input line 323.
Package textcomp Info: Setting qhvc sub-encoding to TS1/0 on input line 324.
Package textcomp Info: Setting futs sub-encoding to TS1/4 on input line 325.
Package textcomp Info: Setting futx sub-encoding to TS1/4 on input line 326.
Package textcomp Info: Setting futj sub-encoding to TS1/4 on input line 327.
Package textcomp Info: Setting hlh sub-encoding to TS1/3 on input line 328.
Package textcomp Info: Setting hls sub-encoding to TS1/3 on input line 329.
Package textcomp Info: Setting hlst sub-encoding to TS1/3 on input line 330.
Package textcomp Info: Setting hlct sub-encoding to TS1/5 on input line 331.
Package textcomp Info: Setting hlx sub-encoding to TS1/5 on input line 332.
Package textcomp Info: Setting hlce sub-encoding to TS1/5 on input line 333.
Package textcomp Info: Setting hlcn sub-encoding to TS1/5 on input line 334.
Package textcomp Info: Setting hlcw sub-encoding to TS1/5 on input line 335.
Package textcomp Info: Setting hlcf sub-encoding to TS1/5 on input line 336.
Package textcomp Info: Setting pplx sub-encoding to TS1/3 on input line 337.
Package textcomp Info: Setting pplj sub-encoding to TS1/3 on input line 338.
Package textcomp Info: Setting ptmx sub-encoding to TS1/4 on input line 339.
Package textcomp Info: Setting ptmj sub-encoding to TS1/4 on input line 340.
)) (./psd-report.aux

LaTeX Warning: Label `' multiply defined.


LaTeX Warning: Label `' multiply defined.


LaTeX Warning: Label `' multiply defined.


LaTeX Warning: Label `' multiply defined.


LaTeX Warning: Label `' multiply defined.


LaTeX Warning: Label `' multiply defined.


LaTeX Warning: Label `' multiply defined.


LaTeX Warning: Label `' multiply defined.


LaTeX Warning: Label `' multiply defined.


LaTeX Warning: Label `' multiply defined.


LaTeX Warning: Label `' multiply defined.

)
\openout1 = `psd-report.aux'.

LaTeX Font Info:    Checking defaults for OML/cmm/m/it on input line 73.
LaTeX Font Info:    ... okay on input line 73.
LaTeX Font Info:    Checking defaults for T1/cmr/m/n on input line 73.
LaTeX Font Info:    ... okay on input line 73.
LaTeX Font Info:    Checking defaults for OT1/cmr/m/n on input line 73.
LaTeX Font Info:    ... okay on input line 73.
LaTeX Font Info:    Checking defaults for OMS/cmsy/m/n on input line 73.
LaTeX Font Info:    ... okay on input line 73.
LaTeX Font Info:    Checking defaults for OMX/cmex/m/n on input line 73.
LaTeX Font Info:    ... okay on input line 73.
LaTeX Font Info:    Checking defaults for U/cmr/m/n on input line 73.
LaTeX Font Info:    ... okay on input line 73.
LaTeX Font Info:    Checking defaults for PD1/pdf/m/n on input line 73.
LaTeX Font Info:    ... okay on input line 73.
LaTeX Font Info:    Checking defaults for TS1/cmr/m/n on input line 73.
LaTeX Font Info:    Try loading font information for TS1+cmr on input line 73.
 (/usr/share/texlive/texmf-dist/tex/latex/base/ts1cmr.fd
File: ts1cmr.fd 1999/05/25 v2.5h Standard LaTeX font definitions
)
LaTeX Font Info:    ... okay on input line 73.
LaTeX Font Info:    Try loading font information for T1+pplx on input line 73.

(/usr/share/texlive/texmf-dist/tex/latex/psnfss/t1pplx.fd
File: t1pplx.fd 2004/09/06 font definitions for T1/pplx.
)
(/usr/share/texlive/texmf-dist/tex/context/base/supp-pdf.mkii
[Loading MPS to PDF converter (version 2006.09.02).]
\scratchcounter=\count125
\scratchdimen=\dimen142
\scratchbox=\box32
\nofMPsegments=\count126
\nofMParguments=\count127
\everyMPshowfont=\toks34
\MPscratchCnt=\count128
\MPscratchDim=\dimen143
\MPnumerator=\count129
\makeMPintoPDFobject=\count130
\everyMPtoPDFconversion=\toks35
) (/usr/share/texlive/texmf-dist/tex/latex/oberdiek/epstopdf-base.sty
Package: epstopdf-base 2010/02/09 v2.5 Base part for package epstopdf

(/usr/share/texlive/texmf-dist/tex/latex/oberdiek/grfext.sty
Package: grfext 2010/08/19 v1.1 Manage graphics extensions (HO)
)
Package grfext Info: Graphics extension search list:
(grfext)             [.png,.pdf,.jpg,.mps,.jpeg,.jbig2,.jb2,.PNG,.PDF,.JPG,.JPE
G,.JBIG2,.JB2,.eps]
(grfext)             \AppendGraphicsExtensions on input line 452.

(/usr/share/texlive/texmf-dist/tex/latex/latexconfig/epstopdf-sys.cfg
File: epstopdf-sys.cfg 2010/07/13 v1.3 Configuration of (r)epstopdf for TeX Liv
e
))
*geometry* driver: auto-detecting
*geometry* detected driver: pdftex
*geometry* verbose mode - [ preamble ] result:
* driver: pdftex
* paper: <default>
* layout: <same size as paper>
* layoutoffset:(h,v)=(0.0pt,0.0pt)
* modes: 
* h-part:(L,W,R)=(92.14519pt, 430.00462pt, 92.14519pt)
* v-part:(T,H,B)=(95.39737pt, 556.47656pt, 143.09605pt)
* \paperwidth=614.295pt
* \paperheight=794.96999pt
* \textwidth=430.00462pt
* \textheight=556.47656pt
* \oddsidemargin=19.8752pt
* \evensidemargin=19.8752pt
* \topmargin=-13.87262pt
* \headheight=12.0pt
* \headsep=25.0pt
* \topskip=10.0pt
* \footskip=30.0pt
* \marginparwidth=65.0pt
* \marginparsep=11.0pt
* \columnsep=10.0pt
* \skip\footins=9.0pt plus 4.0pt minus 2.0pt
* \hoffset=0.0pt
* \voffset=0.0pt
* \mag=1000
* \@twocolumnfalse
* \@twosidefalse
* \@mparswitchfalse
* \@reversemarginfalse
* (1in=72.27pt=25.4mm, 1cm=28.453pt)

\c@lstlisting=\count131
\AtBeginShipoutBox=\box33
Package hyperref Info: Link coloring OFF on input line 73.
(/usr/share/texlive/texmf-dist/tex/latex/hyperref/nameref.sty
Package: nameref 2012/10/27 v2.43 Cross-referencing by name of section

(/usr/share/texlive/texmf-dist/tex/generic/oberdiek/gettitlestring.sty
Package: gettitlestring 2010/12/03 v1.4 Cleanup title references (HO)
)
\c@section@level=\count132
)
LaTeX Info: Redefining \ref on input line 73.
LaTeX Info: Redefining \pageref on input line 73.
LaTeX Info: Redefining \nameref on input line 73.

(./psd-report.out) (./psd-report.out)
\@outlinefile=\write3
\openout3 = `psd-report.out'.

Package caption Info: Begin \AtBeginDocument code.
Package caption Info: End \AtBeginDocument code.
LaTeX Font Info:    Try loading font information for OT1+pplx on input line 80.


(/usr/share/texlive/texmf-dist/tex/latex/psnfss/ot1pplx.fd
File: ot1pplx.fd 2004/09/06 font definitions for OT1/pplx.
)
LaTeX Font Info:    Try loading font information for OML+zplm on input line 80.


(/usr/share/texlive/texmf-dist/tex/latex/psnfss/omlzplm.fd
File: omlzplm.fd 2002/09/08 Fontinst v1.914 font definitions for OML/zplm.
)
LaTeX Font Info:    Try loading font information for OMS+zplm on input line 80.


(/usr/share/texlive/texmf-dist/tex/latex/psnfss/omszplm.fd
File: omszplm.fd 2002/09/08 Fontinst v1.914 font definitions for OMS/zplm.
)
LaTeX Font Info:    Try loading font information for OMX+zplm on input line 80.


(/usr/share/texlive/texmf-dist/tex/latex/psnfss/omxzplm.fd
File: omxzplm.fd 2002/09/08 Fontinst v1.914 font definitions for OMX/zplm.
)
LaTeX Font Info:    Try loading font information for OT1+zplm on input line 80.


(/usr/share/texlive/texmf-dist/tex/latex/psnfss/ot1zplm.fd
File: ot1zplm.fd 2002/09/08 Fontinst v1.914 font definitions for OT1/zplm.
)
LaTeX Font Info:    Font shape `U/msa/m/n' will be
(Font)              scaled to size 12.50409pt on input line 80.
LaTeX Font Info:    Font shape `U/msa/m/n' will be
(Font)              scaled to size 9.37807pt on input line 80.
LaTeX Font Info:    Font shape `U/msa/m/n' will be
(Font)              scaled to size 7.29405pt on input line 80.
LaTeX Font Info:    Font shape `U/msb/m/n' will be
(Font)              scaled to size 12.50409pt on input line 80.
LaTeX Font Info:    Font shape `U/msb/m/n' will be
(Font)              scaled to size 9.37807pt on input line 80.
LaTeX Font Info:    Font shape `U/msb/m/n' will be
(Font)              scaled to size 7.29405pt on input line 80.
LaTeX Font Info:    Try loading font information for U+lasy on input line 80.

(/usr/share/texlive/texmf-dist/tex/latex/base/ulasy.fd
File: ulasy.fd 1998/08/17 v2.2e LaTeX symbol font definitions
) [1

{/var/lib/texmf/fonts/map/pdftex/updmap/pdftex.map}]
*geometry* verbose mode - [ newgeometry ] result:
* driver: pdftex
* paper: <default>
* layout: <same size as paper>
* layoutoffset:(h,v)=(0.0pt,0.0pt)
* modes: 
* h-part:(L,W,R)=(85.35826pt, 443.57848pt, 85.35826pt)
* v-part:(T,H,B)=(113.81102pt, 567.34795pt, 113.81102pt)
* \paperwidth=614.295pt
* \paperheight=794.96999pt
* \textwidth=443.57848pt
* \textheight=567.34795pt
* \oddsidemargin=13.08827pt
* \evensidemargin=13.08827pt
* \topmargin=4.54103pt
* \headheight=12.0pt
* \headsep=25.0pt
* \topskip=10.0pt
* \footskip=30.0pt
* \marginparwidth=65.0pt
* \marginparsep=11.0pt
* \columnsep=10.0pt
* \skip\footins=9.0pt plus 4.0pt minus 2.0pt
* \hoffset=0.0pt
* \voffset=0.0pt
* \mag=1000
* \@twocolumnfalse
* \@twosidefalse
* \@mparswitchfalse
* \@reversemarginfalse
* (1in=72.27pt=25.4mm, 1cm=28.453pt)

LaTeX Font Info:    Font shape `T1/pplx/bx/n' in size <14.4> not available
(Font)              Font shape `T1/pplx/b/n' tried instead on input line 93.
 (./psd-report.toc
LaTeX Font Info:    Font shape `T1/pplx/bx/n' in size <12> not available
(Font)              Font shape `T1/pplx/b/n' tried instead on input line 1.
LaTeX Font Info:    Font shape `T1/pplx/bx/n' in size <10> not available
(Font)              Font shape `T1/pplx/b/n' tried instead on input line 2.
LaTeX Font Info:    Font shape `U/msa/m/n' will be
(Font)              scaled to size 10.42007pt on input line 3.
LaTeX Font Info:    Font shape `U/msa/m/n' will be
(Font)              scaled to size 7.91925pt on input line 3.
LaTeX Font Info:    Font shape `U/msa/m/n' will be
(Font)              scaled to size 6.25204pt on input line 3.
LaTeX Font Info:    Font shape `U/msb/m/n' will be
(Font)              scaled to size 10.42007pt on input line 3.
LaTeX Font Info:    Font shape `U/msb/m/n' will be
(Font)              scaled to size 7.91925pt on input line 3.
LaTeX Font Info:    Font shape `U/msb/m/n' will be
(Font)              scaled to size 6.25204pt on input line 3.
 [2

])
\tf@toc=\write4
\openout4 = `psd-report.toc'.

 [3]
LaTeX Font Info:    Font shape `T1/pplx/bx/n' in size <20.74> not available
(Font)              Font shape `T1/pplx/b/n' tried instead on input line 104.
 [4

]
LaTeX Font Info:    Try loading font information for TS1+pplx on input line 158
.

(/usr/share/texlive/texmf-dist/tex/latex/psnfss/ts1pplx.fd
File: ts1pplx.fd 2004/09/06 font definitions for TS1/pplx.
) [5

] [6]
Overfull \hbox (57.01717pt too wide) detected at line 280
\OML/zplm/m/it/10 IV \OT1/zplm/m/n/10 = [] [] \OT1/pplx/m/n/10 ,
 []

[7] [8] [9

] [10

] [11] [12

] [13

] [14]
Underfull \hbox (badness 10000) in paragraph at lines 508--508
[]\T1/pplx/m/n/10 False
 []


Underfull \hbox (badness 10000) in paragraph at lines 508--508
\T1/pplx/m/n/10 Neg-a-tive
 []


Underfull \hbox (badness 10000) in paragraph at lines 510--510
[]\T1/pplx/m/n/10 False
 []


Underfull \hbox (badness 10000) in paragraph at lines 510--510
\T1/pplx/m/n/10 Pos-i-tive
 []


Underfull \hbox (badness 10000) in paragraph at lines 510--510
[]\T1/pplx/m/n/10 True
 []


Underfull \hbox (badness 10000) in paragraph at lines 510--510
\T1/pplx/m/n/10 Neg-a-tive
 []

[15

] [16] [17

]
LaTeX Font Info:    Try loading font information for T1+cmtt on input line 642.

 (/usr/share/texlive/texmf-dist/tex/latex/base/t1cmtt.fd
File: t1cmtt.fd 1999/05/25 v2.5h Standard LaTeX font definitions
)
[18

] [19] [20] [21]
Underfull \hbox (badness 10000) in paragraph at lines 875--881

 []


Underfull \hbox (badness 10000) in paragraph at lines 898--903

 []


Underfull \hbox (badness 10000) in paragraph at lines 904--908

 []


Underfull \hbox (badness 10000) in paragraph at lines 908--915

 []

[22]
Underfull \hbox (badness 10000) in paragraph at lines 926--931

 []


Package amsmath Warning: Foreign command \atopwithdelims;
(amsmath)                \frac or \genfrac should be used instead
(amsmath)                 on input line 938.


Underfull \hbox (badness 10000) in paragraph at lines 938--944

 []


Underfull \hbox (badness 10000) in paragraph at lines 938--944

 []

[23]
Underfull \hbox (badness 10000) in paragraph at lines 969--977

 []


Underfull \hbox (badness 10000) in paragraph at lines 981--986

 []


Underfull \hbox (badness 10000) in paragraph at lines 989--994

 []


Underfull \hbox (badness 10000) in paragraph at lines 995--1001

 []


Underfull \hbox (badness 10000) in paragraph at lines 1002--1008

 []

[24]
Underfull \hbox (badness 10000) in paragraph at lines 1008--1014

 []

[25] [26

]
Package color Info: Redefining color shadecolor on input line 1058.
 <figure/unnamed-chunk-3-1.pdf, id=522, 578.16pt x 289.08pt>
File: figure/unnamed-chunk-3-1.pdf Graphic file (type pdf)

<use figure/unnamed-chunk-3-1.pdf>
Package pdftex.def Info: figure/unnamed-chunk-3-1.pdf used on input line 1059.
(pdftex.def)             Requested size: 421.3982pt x 210.69582pt.


LaTeX Warning: `!h' float specifier changed to `!ht'.

Package color Info: Redefining color shadecolor on input line 1068.
<figure/unnamed-chunk-4-1.pdf, id=523, 578.16pt x 289.08pt>
File: figure/unnamed-chunk-4-1.pdf Graphic file (type pdf)

<use figure/unnamed-chunk-4-1.pdf>
Package pdftex.def Info: figure/unnamed-chunk-4-1.pdf used on input line 1069.
(pdftex.def)             Requested size: 421.3982pt x 210.69582pt.


LaTeX Warning: `!h' float specifier changed to `!ht'.

Package color Info: Redefining color shadecolor on input line 1079.
<figure/unnamed-chunk-5-1.pdf, id=524, 578.16pt x 289.08pt>
File: figure/unnamed-chunk-5-1.pdf Graphic file (type pdf)

<use figure/unnamed-chunk-5-1.pdf>
Package pdftex.def Info: figure/unnamed-chunk-5-1.pdf used on input line 1080.
(pdftex.def)             Requested size: 421.3982pt x 210.69582pt.


LaTeX Warning: `!h' float specifier changed to `!ht'.

[27

] [28 <./figure/unnamed-chunk-3-1.pdf> <./figure/unnamed-chunk-4-1.pdf>]
[29 <./figure/unnamed-chunk-5-1.pdf>]
Package color Info: Redefining color shadecolor on input line 1101.

<figure/unnamed-chunk-6-1.pdf, id=563, 867.24pt x 289.08pt>
File: figure/unnamed-chunk-6-1.pdf Graphic file (type pdf)

<use figure/unnamed-chunk-6-1.pdf>
Package pdftex.def Info: figure/unnamed-chunk-6-1.pdf used on input line 1102.
(pdftex.def)             Requested size: 439.14513pt x 146.38344pt.
Package color Info: Redefining color shadecolor on input line 1111.

<figure/unnamed-chunk-7-1.pdf, id=564, 867.24pt x 289.08pt>
File: figure/unnamed-chunk-7-1.pdf Graphic file (type pdf)

<use figure/unnamed-chunk-7-1.pdf>
Package pdftex.def Info: figure/unnamed-chunk-7-1.pdf used on input line 1112.
(pdftex.def)             Requested size: 439.14513pt x 146.38344pt.
 [30

 <./figure/unnamed-chunk-6-1.pdf> <./figure/unnamed-chunk-7-1.pdf>]
Overfull \hbox (2.26375pt too wide) in paragraph at lines 1132--1133
[]\T1/pplx/m/n/10 the same num-ber of bins as in vari-able re-sulted from $\OML
/zplm/m/it/10 smbinning$ \T1/pplx/m/n/10 method; sig-na-ture: $\OML/zplm/m/it/1
0 equal[]nbins$\T1/pplx/m/n/10 , 
 []

<Plots2/snbinning.png, id=584, 1087.06125pt x 578.16pt>
File: Plots2/snbinning.png Graphic file (type png)

<use Plots2/snbinning.png>
Package pdftex.def Info: Plots2/snbinning.png used on input line 1138.
(pdftex.def)             Requested size: 399.21791pt x 212.32788pt.

Overfull \hbox (86.23967pt too wide) in paragraph at lines 1144--1145
\T1/pplx/m/n/10 tio (over 0.33 IV value), whereas two other de-rived vari-ables
 ($\OML/zplm/m/it/10 AMOUNT[]TO[]AGE$\T1/pplx/m/n/10 , $\OML/zplm/m/it/10 AMOUN
T[]TO[]DURATION$\T1/pplx/m/n/10 )
 []

[31 <./Plots2/snbinning.png>]
Package color Info: Redefining color shadecolor on input line 1168.
Package color Info: Redefining color shadecolor on input line 1193.

<figure/unnamed-chunk-10-1.pdf, id=598, 578.16pt x 289.08pt>
File: figure/unnamed-chunk-10-1.pdf Graphic file (type pdf)

<use figure/unnamed-chunk-10-1.pdf>
Package pdftex.def Info: figure/unnamed-chunk-10-1.pdf used on input line 1194.

(pdftex.def)             Requested size: 272.07343pt x 136.03523pt.
 [32 <./figure/unnamed-chunk-10-1.pdf>]
Package color Info: Redefining color shadecolor on input line 1207.
Package color Info: Redefining color shadecolor on input line 1228.

<figure/unnamed-chunk-13-1.pdf, id=612, 578.16pt x 289.08pt>
File: figure/unnamed-chunk-13-1.pdf Graphic file (type pdf)

<use figure/unnamed-chunk-13-1.pdf>
Package pdftex.def Info: figure/unnamed-chunk-13-1.pdf used on input line 1229.

(pdftex.def)             Requested size: 272.07343pt x 136.03523pt.


Package hyperref Warning: Token not allowed in a PDF string (PDFDocEncoding):
(hyperref)                removing `math shift' on input line 1237.


Package hyperref Warning: Token not allowed in a PDF string (PDFDocEncoding):
(hyperref)                removing `math shift' on input line 1237.

Package color Info: Redefining color shadecolor on input line 1245.
[33 <./figure/unnamed-chunk-13-1.pdf>]
Overfull \hbox (31.89363pt too wide) in paragraph at lines 1319--1320
\T1/pplx/m/n/10 binned form in the data set; re-lated to: $\OML/zplm/m/it/10 AG
E$\T1/pplx/m/n/10 , $\OML/zplm/m/it/10 AMOUNT$\T1/pplx/m/n/10 , $\OML/zplm/m/it
/10 DURATION$\T1/pplx/m/n/10 , $\OML/zplm/m/it/10 AMOUNT[]TO[]DURATION$\T1/pplx
/m/n/10 ,
 []

[34]
Overfull \hbox (32.77019pt too wide) in paragraph at lines 1321--1322
[]\T1/pplx/m/n/10 removing vari-ables of $\OT1/pplx/m/n/10 0.0$ \T1/pplx/m/n/10
 in-for-ma-tion value: $\OML/zplm/m/it/10 NUM[]OF[]MAINTAINED[]PEOPLE$ \T1/pplx
/m/n/10 and $\OML/zplm/m/it/10 RESIDENCE$\T1/pplx/m/n/10 , 
 []

[35] <Plots/Rplot03.pdf, id=636, 1011.78pt x 361.35pt>
File: Plots/Rplot03.pdf Graphic file (type pdf)
 <use Plots/Rplot03.pdf>
Package pdftex.def Info: Plots/Rplot03.pdf used on input line 1339.
(pdftex.def)             Requested size: 399.21791pt x 142.58005pt.

<Plots/Rplot04.pdf, id=637, 1011.78pt x 361.35pt>
File: Plots/Rplot04.pdf Graphic file (type pdf)
 <use Plots/Rplot04.pdf>
Package pdftex.def Info: Plots/Rplot04.pdf used on input line 1349.
(pdftex.def)             Requested size: 399.21791pt x 142.58005pt.

[36

 <./Plots/Rplot03.pdf> <./Plots/Rplot04.pdf>] [37

]
Overfull \hbox (23.1813pt too wide) in paragraph at lines 1436--1439
[]\T1/pplx/m/n/10 DURATION, AMOUNT, AMOUNT_TO_DURATION, DU-RA-TION_TO_AGE, AMOU
NT_TO_AGE,
 []


Overfull \hbox (2.4206pt too wide) in paragraph at lines 1440--1443
\T1/pplx/m/n/10 PUR-POSE, CHK_ACCT, HIS-TORY, SAV-INGS_ACCT, EM-LOY-MENT, JOB ,
 OTHER_DEBTORS,
 []

<Plots/Rplot.pdf, id=664, 1011.78pt x 361.35pt>
File: Plots/Rplot.pdf Graphic file (type pdf)
 <use Plots/Rplot.pdf>
Package pdftex.def Info: Plots/Rplot.pdf used on input line 1453.
(pdftex.def)             Requested size: 354.86412pt x 126.73904pt.
 [38

 <./Plots/Rplot.pdf>] <Plots/STATS_MODEL_COMPARE.pdf, id=677, 1084.05pt x 361.3
5pt>
File: Plots/STATS_MODEL_COMPARE.pdf Graphic file (type pdf)

<use Plots/STATS_MODEL_COMPARE.pdf>
Package pdftex.def Info: Plots/STATS_MODEL_COMPARE.pdf used on input line 1493.

(pdftex.def)             Requested size: 399.21791pt x 133.07436pt.

<Plots/STATS_DIF_MODEL_COMPARE.pdf, id=678, 1084.05pt x 361.35pt>
File: Plots/STATS_DIF_MODEL_COMPARE.pdf Graphic file (type pdf)

<use Plots/STATS_DIF_MODEL_COMPARE.pdf>
Package pdftex.def Info: Plots/STATS_DIF_MODEL_COMPARE.pdf used on input line 1
503.
(pdftex.def)             Requested size: 399.21791pt x 133.07436pt.


LaTeX Warning: `!h' float specifier changed to `!ht'.

<Plots/SCATTER_MODEL_COMPARE.pdf, id=679, 722.7pt x 722.7pt>
File: Plots/SCATTER_MODEL_COMPARE.pdf Graphic file (type pdf)

<use Plots/SCATTER_MODEL_COMPARE.pdf>
Package pdftex.def Info: Plots/SCATTER_MODEL_COMPARE.pdf used on input line 151
2.
(pdftex.def)             Requested size: 354.86412pt x 354.86493pt.


LaTeX Warning: `!h' float specifier changed to `!ht'.

[39

 <./Plots/STATS_MODEL_COMPARE.pdf>]

LaTeX Warning: Text page 40 contains only floats.


Overfull \vbox (0.59134pt too high) has occurred while \output is active []


[40 <./Plots/STATS_DIF_MODEL_COMPARE.pdf> <./Plots/SCATTER_MODEL_COMPARE.pdf

pdfTeX warning: /usr/bin/pdflatex (file ./Plots/SCATTER_MODEL_COMPARE.pdf): PDF
 inclusion: multiple pdfs with page group included in a single page
>] <Plots/GLM_KS.pdf, id=725, 1084.05pt x 361.35pt>
File: Plots/GLM_KS.pdf Graphic file (type pdf)
 <use Plots/GLM_KS.pdf>
Package pdftex.def Info: Plots/GLM_KS.pdf used on input line 1532.
(pdftex.def)             Requested size: 399.21791pt x 133.07436pt.

<Plots/ROC_GLM.pdf, id=726, 560.0925pt x 357.335pt>
File: Plots/ROC_GLM.pdf Graphic file (type pdf)
 <use Plots/ROC_GLM.pdf>
Package pdftex.def Info: Plots/ROC_GLM.pdf used on input line 1542.
(pdftex.def)             Requested size: 199.60895pt x 127.34825pt.

<Plots/HIST_GLM.pdf, id=727, 560.0925pt x 357.335pt>
File: Plots/HIST_GLM.pdf Graphic file (type pdf)
 <use Plots/HIST_GLM.pdf>
Package pdftex.def Info: Plots/HIST_GLM.pdf used on input line 1547.
(pdftex.def)             Requested size: 199.60895pt x 127.34825pt.

[41

 <./Plots/GLM_KS.pdf> <./Plots/ROC_GLM.pdf

pdfTeX warning: /usr/bin/pdflatex (file ./Plots/ROC_GLM.pdf): PDF inclusion: mu
ltiple pdfs with page group included in a single page
> <./Plots/HIST_GLM.pdf

pdfTeX warning: /usr/bin/pdflatex (file ./Plots/HIST_GLM.pdf): PDF inclusion: m
ultiple pdfs with page group included in a single page
>] [42

] <Plots/LDA_KS.pdf, id=786, 1084.05pt x 361.35pt>
File: Plots/LDA_KS.pdf Graphic file (type pdf)

<use Plots/LDA_KS.pdf>
Package pdftex.def Info: Plots/LDA_KS.pdf used on input line 1617.
(pdftex.def)             Requested size: 399.21791pt x 133.07436pt.
 <Plots/ROC_LDA.pdf, id=787, 560.0925pt x 357.335pt>
File: Plots/ROC_LDA.pdf Graphic file (type pdf)

<use Plots/ROC_LDA.pdf>
Package pdftex.def Info: Plots/ROC_LDA.pdf used on input line 1627.
(pdftex.def)             Requested size: 199.60895pt x 127.34825pt.
 <Plots/HIST_LDA.pdf, id=788, 560.0925pt x 357.335pt>
File: Plots/HIST_LDA.pdf Graphic file (type pdf)

<use Plots/HIST_LDA.pdf>
Package pdftex.def Info: Plots/HIST_LDA.pdf used on input line 1632.
(pdftex.def)             Requested size: 199.60895pt x 127.34825pt.
 [43

 <./Plots/LDA_KS.pdf> <./Plots/ROC_LDA.pdf

pdfTeX warning: /usr/bin/pdflatex (file ./Plots/ROC_LDA.pdf): PDF inclusion: mu
ltiple pdfs with page group included in a single page
> <./Plots/HIST_LDA.pdf

pdfTeX warning: /usr/bin/pdflatex (file ./Plots/HIST_LDA.pdf): PDF inclusion: m
ultiple pdfs with page group included in a single page
>] <Plots/KNN_KS.pdf, id=842, 1084.05pt x 361.35pt>
File: Plots/KNN_KS.pdf Graphic file (type pdf)
 <use Plots/KNN_KS.pdf>
Package pdftex.def Info: Plots/KNN_KS.pdf used on input line 1650.
(pdftex.def)             Requested size: 399.21791pt x 133.07436pt.

<Plots/ROC_KNN.pdf, id=843, 560.0925pt x 357.335pt>
File: Plots/ROC_KNN.pdf Graphic file (type pdf)
 <use Plots/ROC_KNN.pdf>
Package pdftex.def Info: Plots/ROC_KNN.pdf used on input line 1660.
(pdftex.def)             Requested size: 199.60895pt x 127.34825pt.

<Plots/HIST_KNN.pdf, id=844, 560.0925pt x 357.335pt>
File: Plots/HIST_KNN.pdf Graphic file (type pdf)
 <use Plots/HIST_KNN.pdf>
Package pdftex.def Info: Plots/HIST_KNN.pdf used on input line 1665.
(pdftex.def)             Requested size: 199.60895pt x 127.34825pt.

[44

 <./Plots/KNN_KS.pdf> <./Plots/ROC_KNN.pdf

pdfTeX warning: /usr/bin/pdflatex (file ./Plots/ROC_KNN.pdf): PDF inclusion: mu
ltiple pdfs with page group included in a single page
> <./Plots/HIST_KNN.pdf

pdfTeX warning: /usr/bin/pdflatex (file ./Plots/HIST_KNN.pdf): PDF inclusion: m
ultiple pdfs with page group included in a single page
>] <Plots/TUNE_KNN.pdf, id=897, 1084.05pt x 361.35pt>
File: Plots/TUNE_KNN.pdf Graphic file (type pdf)
 <use Plots/TUNE_KNN.pdf>
Package pdftex.def Info: Plots/TUNE_KNN.pdf used on input line 1682.
(pdftex.def)             Requested size: 399.21791pt x 133.07436pt.

<Plots/RF_KS.pdf, id=898, 1084.05pt x 361.35pt>
File: Plots/RF_KS.pdf Graphic file (type pdf)
 <use Plots/RF_KS.pdf>
Package pdftex.def Info: Plots/RF_KS.pdf used on input line 1693.
(pdftex.def)             Requested size: 399.21791pt x 133.07436pt.
 [45

 <./Plots/TUNE_KNN.pdf> <./Plots/RF_KS.pdf

pdfTeX warning: /usr/bin/pdflatex (file ./Plots/RF_KS.pdf): PDF inclusion: mult
iple pdfs with page group included in a single page
>] <Plots/ROC_RF.pdf, id=930, 560.0925pt x 357.335pt>
File: Plots/ROC_RF.pdf Graphic file (type pdf)
 <use Plots/ROC_RF.pdf>
Package pdftex.def Info: Plots/ROC_RF.pdf used on input line 1706.
(pdftex.def)             Requested size: 199.60895pt x 127.34825pt.

<Plots/HIST_RF.pdf, id=931, 560.0925pt x 357.335pt>
File: Plots/HIST_RF.pdf Graphic file (type pdf)
 <use Plots/HIST_RF.pdf>
Package pdftex.def Info: Plots/HIST_RF.pdf used on input line 1711.
(pdftex.def)             Requested size: 199.60895pt x 127.34825pt.

<Plots/TUNE_RF.pdf, id=932, 1084.05pt x 361.35pt>
File: Plots/TUNE_RF.pdf Graphic file (type pdf)
 <use Plots/TUNE_RF.pdf>
Package pdftex.def Info: Plots/TUNE_RF.pdf used on input line 1722.
(pdftex.def)             Requested size: 399.21791pt x 133.07436pt.

[46

 <./Plots/ROC_RF.pdf> <./Plots/HIST_RF.pdf

pdfTeX warning: /usr/bin/pdflatex (file ./Plots/HIST_RF.pdf): PDF inclusion: mu
ltiple pdfs with page group included in a single page
> <./Plots/TUNE_RF.pdf

pdfTeX warning: /usr/bin/pdflatex (file ./Plots/TUNE_RF.pdf): PDF inclusion: mu
ltiple pdfs with page group included in a single page
>] <Plots/GBM_KS.pdf, id=978, 1084.05pt x 361.35pt>
File: Plots/GBM_KS.pdf Graphic file (type pdf)
 <use Plots/GBM_KS.pdf>
Package pdftex.def Info: Plots/GBM_KS.pdf used on input line 1737.
(pdftex.def)             Requested size: 399.21791pt x 133.07436pt.

<Plots/ROC_GBM.pdf, id=979, 560.0925pt x 357.335pt>
File: Plots/ROC_GBM.pdf Graphic file (type pdf)
 <use Plots/ROC_GBM.pdf>
Package pdftex.def Info: Plots/ROC_GBM.pdf used on input line 1748.
(pdftex.def)             Requested size: 199.60895pt x 127.34825pt.

<Plots/HIST_GBM.pdf, id=980, 560.0925pt x 357.335pt>
File: Plots/HIST_GBM.pdf Graphic file (type pdf)
 <use Plots/HIST_GBM.pdf>
Package pdftex.def Info: Plots/HIST_GBM.pdf used on input line 1753.
(pdftex.def)             Requested size: 199.60895pt x 127.34825pt.

[47

 <./Plots/GBM_KS.pdf> <./Plots/ROC_GBM.pdf

pdfTeX warning: /usr/bin/pdflatex (file ./Plots/ROC_GBM.pdf): PDF inclusion: mu
ltiple pdfs with page group included in a single page
> <./Plots/HIST_GBM.pdf

pdfTeX warning: /usr/bin/pdflatex (file ./Plots/HIST_GBM.pdf): PDF inclusion: m
ultiple pdfs with page group included in a single page
>] <Plots/TUNE_GBM.pdf, id=1033, 1084.05pt x 361.35pt>
File: Plots/TUNE_GBM.pdf Graphic file (type pdf)

<use Plots/TUNE_GBM.pdf>
Package pdftex.def Info: Plots/TUNE_GBM.pdf used on input line 1767.
(pdftex.def)             Requested size: 399.21791pt x 133.07436pt.
 <Plots/TUNE_GBM_1.pdf, id=1034, 1084.05pt x 361.35pt>
File: Plots/TUNE_GBM_1.pdf Graphic file (type pdf)

<use Plots/TUNE_GBM_1.pdf>
Package pdftex.def Info: Plots/TUNE_GBM_1.pdf used on input line 1776.
(pdftex.def)             Requested size: 399.21791pt x 133.07436pt.
 [48

 <./Plots/TUNE_GBM.pdf> <./Plots/TUNE_GBM_1.pdf

pdfTeX warning: /usr/bin/pdflatex (file ./Plots/TUNE_GBM_1.pdf): PDF inclusion:
 multiple pdfs with page group included in a single page
>] [49

]
Overfull \hbox (16.34003pt too wide) in paragraph at lines 1840--1842
[]\T1/pplx/m/it/10 CFS \T1/pplx/m/n/10 method for WOE re-coded data (vari-ables
 in-cluded in the data set: DU-RA-TION_TO_AGE,
 []


Overfull \hbox (15.94133pt too wide) in paragraph at lines 1842--1845
\T1/pplx/m/n/10 TION, AMOUNT, AMOUNT_TO_DURATION, DU-RA-TION_TO_AGE, AMOUNT_TO_
AGE,
 []

[50

] <Plots2/comp1-APN.png, id=1087, 702.625pt x 313.17pt>
File: Plots2/comp1-APN.png Graphic file (type png)

<use Plots2/comp1-APN.png>
Package pdftex.def Info: Plots2/comp1-APN.png used on input line 1863.
(pdftex.def)             Requested size: 354.86412pt x 158.1711pt.

<Plots2/comp1-ad.png, id=1088, 702.625pt x 313.17pt>
File: Plots2/comp1-ad.png Graphic file (type png)
 <use Plots2/comp1-ad.png>
Package pdftex.def Info: Plots2/comp1-ad.png used on input line 1881.
(pdftex.def)             Requested size: 354.86412pt x 158.1711pt.

[51

 <./Plots2/comp1-APN.png (PNG copy)> <./Plots2/comp1-ad.png (PNG copy)>]
<Plots2/comp1-adm.png, id=1099, 702.625pt x 313.17pt>
File: Plots2/comp1-adm.png Graphic file (type png)

<use Plots2/comp1-adm.png>
Package pdftex.def Info: Plots2/comp1-adm.png used on input line 1894.
(pdftex.def)             Requested size: 354.86412pt x 158.1711pt.

<Plots2/comp1-fom.png, id=1100, 702.625pt x 313.17pt>
File: Plots2/comp1-fom.png Graphic file (type png)

<use Plots2/comp1-fom.png>
Package pdftex.def Info: Plots2/comp1-fom.png used on input line 1906.
(pdftex.def)             Requested size: 354.86412pt x 158.1711pt.
 [52 <./Plots2/comp1-adm.png (PNG copy)> <./Plots2/comp1-fom.png (PNG copy)>]
<Plots2/comp1-connectivity.png, id=1111, 702.625pt x 313.17pt>
File: Plots2/comp1-connectivity.png Graphic file (type png)

<use Plots2/comp1-connectivity.png>
Package pdftex.def Info: Plots2/comp1-connectivity.png used on input line 1934.

(pdftex.def)             Requested size: 354.86412pt x 158.1711pt.
 [53 <./Plots2/comp1-connectivity.png (PNG copy)>] <Plots2/comp1-silhouette.png
, id=1122, 702.625pt x 313.17pt>
File: Plots2/comp1-silhouette.png Graphic file (type png)

<use Plots2/comp1-silhouette.png>
Package pdftex.def Info: Plots2/comp1-silhouette.png used on input line 1951.
(pdftex.def)             Requested size: 354.86412pt x 158.1711pt.

<Plots2/comp1-dunn.png, id=1123, 702.625pt x 313.17pt>
File: Plots2/comp1-dunn.png Graphic file (type png)

<use Plots2/comp1-dunn.png>
Package pdftex.def Info: Plots2/comp1-dunn.png used on input line 1966.
(pdftex.def)             Requested size: 354.86412pt x 158.1711pt.
 [54

 <./Plots2/comp1-silhouette.png (PNG copy)> <./Plots2/comp1-dunn.png (PNG copy)
>]
<Plots2/pca-result.png, id=1134, 654.445pt x 434.62375pt>
File: Plots2/pca-result.png Graphic file (type png)

<use Plots2/pca-result.png>
Package pdftex.def Info: Plots2/pca-result.png used on input line 2006.
(pdftex.def)             Requested size: 354.86412pt x 235.6682pt.
 [55 <./Plots2/pca-result.png>]
<Plots2/pca-stability.png, id=1147, 584.1825pt x 653.44125pt>
File: Plots2/pca-stability.png Graphic file (type png)

<use Plots2/pca-stability.png>
Package pdftex.def Info: Plots2/pca-stability.png used on input line 2017.
(pdftex.def)             Requested size: 354.86412pt x 396.94344pt.
 [56

 <./Plots2/pca-stability.png>]
<Plots2/pca-internal.png, id=1156, 584.1825pt x 653.44125pt>
File: Plots2/pca-internal.png Graphic file (type png)

<use Plots2/pca-internal.png>
Package pdftex.def Info: Plots2/pca-internal.png used on input line 2032.
(pdftex.def)             Requested size: 354.86412pt x 396.94344pt.
 [57


 <./Plots2/pca-internal.png>]
<Plots2/external-measures.png, id=1165, 584.1825pt x 473.77pt>
File: Plots2/external-measures.png Graphic file (type png)

<use Plots2/external-measures.png>
Package pdftex.def Info: Plots2/external-measures.png used on input line 2088.
(pdftex.def)             Requested size: 354.86412pt x 287.79924pt.


LaTeX Warning: `!h' float specifier changed to `!ht'.

[58] [59 <./Plots2/external-measures.png>]
Underfull \hbox (badness 10000) in paragraph at lines 2098--2102

 []


Underfull \hbox (badness 10000) in paragraph at lines 2098--2102

 []

Package color Info: Redefining color shadecolor on input line 2104.
<Plots2/vars-woe.png, id=1180, 584.1825pt x 615.29875pt>
File: Plots2/vars-woe.png Graphic file (type png)

<use Plots2/vars-woe.png>
Package pdftex.def Info: Plots2/vars-woe.png used on input line 2138.
(pdftex.def)             Requested size: 399.21791pt x 420.49129pt.


LaTeX Warning: `!h' float specifier changed to `!ht'.

[60

] [61 <./Plots2/vars-woe.png>] [62

] [63

]
Overfull \hbox (57.06117pt too wide) in paragraph at lines 2199--2200
[]\T1/pplx/m/n/10 StatSoft, For-mula Guide Weight of Ev-i-dence Mod-ule http://
documentation.statsoft.com/portals/0/formula 
 []


Underfull \hbox (badness 10000) in paragraph at lines 2200--2201
[]\T1/pplx/m/n/10 Data Clus-ter-ing: A Re-view, A.K. Jain, M.N. Murty, P.J. Fly
nn, 1999,
 []


Underfull \hbox (badness 10000) in paragraph at lines 2201--2202
[]\T1/pplx/m/n/10 Principal com-po-nent anal-y-sis From Wikipedia, the free en-
cy-clo-pe-dia,
 []

Package atveryend Info: Empty hook `BeforeClearDocument' on input line 2207.
[64

pdfTeX warning (ext4): destination with the same identifier (name{cite.}) has b
een already used, duplicate ignored

\AtBegShi@Output ...ipout \box \AtBeginShipoutBox 
                                                  \fi \fi 
l.2207 \end{document}
                     pdfTeX warning (ext4): destination with the same identifie
r (name{cite.}) has been already used, duplicate ignored

\AtBegShi@Output ...ipout \box \AtBeginShipoutBox 
                                                  \fi \fi 
l.2207 \end{document}
                     pdfTeX warning (ext4): destination with the same identifie
r (name{cite.}) has been already used, duplicate ignored

\AtBegShi@Output ...ipout \box \AtBeginShipoutBox 
                                                  \fi \fi 
l.2207 \end{document}
                     pdfTeX warning (ext4): destination with the same identifie
r (name{cite.}) has been already used, duplicate ignored

\AtBegShi@Output ...ipout \box \AtBeginShipoutBox 
                                                  \fi \fi 
l.2207 \end{document}
                     pdfTeX warning (ext4): destination with the same identifie
r (name{cite.}) has been already used, duplicate ignored

\AtBegShi@Output ...ipout \box \AtBeginShipoutBox 
                                                  \fi \fi 
l.2207 \end{document}
                     pdfTeX warning (ext4): destination with the same identifie
r (name{cite.}) has been already used, duplicate ignored

\AtBegShi@Output ...ipout \box \AtBeginShipoutBox 
                                                  \fi \fi 
l.2207 \end{document}
                     pdfTeX warning (ext4): destination with the same identifie
r (name{cite.}) has been already used, duplicate ignored

\AtBegShi@Output ...ipout \box \AtBeginShipoutBox 
                                                  \fi \fi 
l.2207 \end{document}
                     pdfTeX warning (ext4): destination with the same identifie
r (name{cite.}) has been already used, duplicate ignored

\AtBegShi@Output ...ipout \box \AtBeginShipoutBox 
                                                  \fi \fi 
l.2207 \end{document}
                     pdfTeX warning (ext4): destination with the same identifie
r (name{cite.}) has been already used, duplicate ignored

\AtBegShi@Output ...ipout \box \AtBeginShipoutBox 
                                                  \fi \fi 
l.2207 \end{document}
                     pdfTeX warning (ext4): destination with the same identifie
r (name{cite.}) has been already used, duplicate ignored

\AtBegShi@Output ...ipout \box \AtBeginShipoutBox 
                                                  \fi \fi 
l.2207 \end{document}
                     pdfTeX warning (ext4): destination with the same identifie
r (name{cite.}) has been already used, duplicate ignored

\AtBegShi@Output ...ipout \box \AtBeginShipoutBox 
                                                  \fi \fi 
l.2207 \end{document}
                     ]
Package atveryend Info: Empty hook `AfterLastShipout' on input line 2207.
 (./psd-report.aux)
Package atveryend Info: Executing hook `AtVeryEndDocument' on input line 2207.
Package atveryend Info: Executing hook `AtEndAfterFileList' on input line 2207.

Package rerunfilecheck Info: File `psd-report.out' has not changed.
(rerunfilecheck)             Checksum: 3F77BB85371D30B9800BF6BE20EE2541;3577.


LaTeX Warning: There were multiply-defined labels.

Package atveryend Info: Empty hook `AtVeryVeryEnd' on input line 2207.
 ) 
Here is how much of TeX's memory you used:
 10821 strings out of 494945
 158715 string characters out of 6179275
 242067 words of memory out of 5000000
 13438 multiletter control sequences out of 15000+600000
 54846 words of font info for 115 fonts, out of 8000000 for 9000
 56 hyphenation exceptions out of 8191
 36i,9n,38p,654b,482s stack positions out of 5000i,500n,10000p,200000b,80000s
 </home/martakarass/.texmf-var/fonts/pk/ljfour/jknappen/ec/ectt1000.600pk>{/u
sr/share/texlive/texmf-dist/fonts/enc/dvips/base/8r.enc}</usr/share/texlive/tex
mf-dist/fonts/type1/public/amsfonts/cm/cmex10.pfb></usr/share/texlive/texmf-dis
t/fonts/type1/public/amsfonts/cm/cmmi10.pfb></usr/share/texlive/texmf-dist/font
s/type1/public/amsfonts/cm/cmr10.pfb></usr/share/texlive/texmf-dist/fonts/type1
/public/amsfonts/cm/cmsy10.pfb></usr/share/texlive/texmf-dist/fonts/type1/publi
c/mathpazo/fplmr.pfb></usr/share/texlive/texmf-dist/fonts/type1/public/mathpazo
/fplmri.pfb></usr/share/texlive/texmf-dist/fonts/type1/urw/palatino/uplb8a.pfb>
</usr/share/texlive/texmf-dist/fonts/type1/urw/palatino/uplr8a.pfb></usr/share/
texlive/texmf-dist/fonts/type1/urw/palatino/uplri8a.pfb>
Output written on psd-report.pdf (64 pages, 1315308 bytes).
PDF statistics:
 1351 PDF objects out of 1440 (max. 8388607)
 1095 compressed objects within 11 object streams
 342 named destinations out of 1000 (max. 500000)
 634 words of extra memory for PDF output out of 10000 (max. 10000000)

